Build started 5/11/2022 12:32:43 AM.
     1>Project "I:\HTF\C++ board\C++ board\C++ board.vcxproj" on node 2 (build target(s)).
     1>PrepareForBuild:
         Creating directory "I:\HTF\C++ board\Debug\".
       InitializeBuildStatus:
         Creating "Debug\C++ board.unsuccessfulbuild" because "AlwaysCreate" was specified.
       ClCompile:
         d:\Program Files (x86)\Microsoft Visual Studio 10.0\VC\bin\CL.exe /c /ZI /nologo /W3 /WX- /Od /Oy- /D _MBCS /Gm /EHsc /RTC1 /MDd /GS /fp:precise /Zc:wchar_t /Zc:forScope /Fo"Debug\\" /Fd"Debug\vc100.pdb" /Gd /TP /analyze- /errorReport:prompt "C++ board.cpp"
         C++ board.cpp
       Link:
         d:\Program Files (x86)\Microsoft Visual Studio 10.0\VC\bin\link.exe /ERRORREPORT:PROMPT /OUT:"I:\HTF\C++ board\Debug\C++ board.exe" /NOLOGO kernel32.lib user32.lib gdi32.lib winspool.lib comdlg32.lib advapi32.lib shell32.lib ole32.lib oleaut32.lib uuid.lib odbc32.lib odbccp32.lib /MANIFEST /ManifestFile:"Debug\C++ board.exe.intermediate.manifest" /MANIFESTUAC:"level='asInvoker' uiAccess='false'" /DEBUG /PDB:"I:\HTF\C++ board\Debug\C++ board.pdb" /TLBID:1 /DYNAMICBASE /NXCOMPAT /IMPLIB:"I:\HTF\C++ board\Debug\C++ board.lib" /MACHINE:X86 "Debug\C++ board.obj"
         C++ board.vcxproj -> I:\HTF\C++ board\Debug\C++ board.exe
       Manifest:
         C:\Program Files (x86)\Microsoft SDKs\Windows\v7.0A\bin\mt.exe /nologo /verbose /outputresource:"I:\HTF\C++ board\Debug\C++ board.exe;#1" /manifest "Debug\C++ board.exe.intermediate.manifest"
       FinalizeBuildStatus:
         Deleting file "Debug\C++ board.unsuccessfulbuild".
         Touching "Debug\C++ board.lastbuildstate".
     1>Done Building Project "I:\HTF\C++ board\C++ board\C++ board.vcxproj" (build target(s)).

Build succeeded.

Time Elapsed 00:00:05.92
